<?xml version="1.0" encoding="UTF-8"?>
<testsuite name="games.game2048.TestMoveValues" tests="14" skipped="0" failures="0" errors="0" timestamp="2022-01-06T04:39:55" hostname="BR0C02DX78ZMD6N" time="0.03">
  <properties/>
  <testcase name="testSimpleMove" classname="games.game2048.TestMoveValues" time="0.019"/>
  <testcase name="testSeveralMoves" classname="games.game2048.TestMoveValues" time="0.001"/>
  <testcase name="testMerge" classname="games.game2048.TestMoveValues" time="0.001"/>
  <testcase name="testMovesInSomeRows" classname="games.game2048.TestMoveValues" time="0.001"/>
  <testcase name="testNoMoveColumns" classname="games.game2048.TestMoveValues" time="0.001"/>
  <testcase name="testMoveAndMerge" classname="games.game2048.TestMoveValues" time="0.001"/>
  <testcase name="testMoveColumns" classname="games.game2048.TestMoveValues" time="0.0"/>
  <testcase name="testMoveRows" classname="games.game2048.TestMoveValues" time="0.0"/>
  <testcase name="testMerge2" classname="games.game2048.TestMoveValues" time="0.001"/>
  <testcase name="testMerge3" classname="games.game2048.TestMoveValues" time="0.001"/>
  <testcase name="testNoMove" classname="games.game2048.TestMoveValues" time="0.001"/>
  <testcase name="testMoveRows2" classname="games.game2048.TestMoveValues" time="0.001"/>
  <testcase name="testMoveRows3" classname="games.game2048.TestMoveValues" time="0.001"/>
  <testcase name="testMoveRows4" classname="games.game2048.TestMoveValues" time="0.0"/>
  <system-out><![CDATA[]]></system-out>
  <system-err><![CDATA[]]></system-err>
</testsuite>
