<?xml version="1.0" encoding="UTF-8"?>
<testsuite name="games.gameOfFifteen.TestGameOfFifteen" tests="2" skipped="0" failures="0" errors="0" timestamp="2022-01-06T04:39:55" hostname="BR0C02DX78ZMD6N" time="0.009">
  <properties/>
  <testcase name="testMoves" classname="games.gameOfFifteen.TestGameOfFifteen" time="0.008"/>
  <testcase name="testWinning" classname="games.gameOfFifteen.TestGameOfFifteen" time="0.001"/>
  <system-out><![CDATA[]]></system-out>
  <system-err><![CDATA[]]></system-err>
</testsuite>
