<?xml version="1.0" encoding="UTF-8"?>
<testsuite name="games.game2048.TestGame2048" tests="1" skipped="0" failures="0" errors="0" timestamp="2022-01-06T04:37:04" hostname="BR0C02DX78ZMD6N" time="0.055">
  <properties/>
  <testcase name="testMoves" classname="games.game2048.TestGame2048" time="0.055"/>
  <system-out><![CDATA[]]></system-out>
  <system-err><![CDATA[]]></system-err>
</testsuite>
