<?xml version="1.0" encoding="UTF-8"?>
<testsuite name="taxipark.TestTask5TheMostFrequentTripDurationPeriod" tests="14" skipped="0" failures="0" errors="0" timestamp="2021-04-16T12:26:17" hostname="DSK-PCSSD0001" time="1012.645">
  <properties/>
  <testcase name="test00" classname="taxipark.TestTask5TheMostFrequentTripDurationPeriod" time="975.715"/>
  <testcase name="test01" classname="taxipark.TestTask5TheMostFrequentTripDurationPeriod" time="20.478"/>
  <testcase name="test02" classname="taxipark.TestTask5TheMostFrequentTripDurationPeriod" time="14.168"/>
  <testcase name="test03" classname="taxipark.TestTask5TheMostFrequentTripDurationPeriod" time="0.335"/>
  <testcase name="test04" classname="taxipark.TestTask5TheMostFrequentTripDurationPeriod" time="0.272"/>
  <testcase name="test05" classname="taxipark.TestTask5TheMostFrequentTripDurationPeriod" time="0.207"/>
  <testcase name="test06" classname="taxipark.TestTask5TheMostFrequentTripDurationPeriod" time="0.168"/>
  <testcase name="test07" classname="taxipark.TestTask5TheMostFrequentTripDurationPeriod" time="0.16"/>
  <testcase name="test08" classname="taxipark.TestTask5TheMostFrequentTripDurationPeriod" time="0.167"/>
  <testcase name="test09" classname="taxipark.TestTask5TheMostFrequentTripDurationPeriod" time="0.152"/>
  <testcase name="test10" classname="taxipark.TestTask5TheMostFrequentTripDurationPeriod" time="0.159"/>
  <testcase name="test11" classname="taxipark.TestTask5TheMostFrequentTripDurationPeriod" time="0.176"/>
  <testcase name="test12" classname="taxipark.TestTask5TheMostFrequentTripDurationPeriod" time="0.16"/>
  <testcase name="test13" classname="taxipark.TestTask5TheMostFrequentTripDurationPeriod" time="0.324"/>
  <system-out><![CDATA[]]></system-out>
  <system-err><![CDATA[]]></system-err>
</testsuite>
